<?xml version="1.0" encoding="UTF-8"?>
<testng-results skipped="0" failed="1" total="1" passed="0">
  <reporter-output>
  </reporter-output>
  <suite name="Default suite" duration-ms="174449" started-at="2021-02-02T14:50:20Z" finished-at="2021-02-02T14:53:14Z">
    <groups>
    </groups>
    <test name="Default test" duration-ms="174449" started-at="2021-02-02T14:50:20Z" finished-at="2021-02-02T14:53:14Z">
      <class name="com.ArchWay_Regression.tests.AddProgram">
        <test-method status="PASS" signature="setUp()[pri:0, instance:com.ArchWay_Regression.tests.AddProgram@394e1a0f]" name="setUp" is-config="true" duration-ms="1774" started-at="2021-02-02T20:20:18Z" finished-at="2021-02-02T20:20:20Z">
          <reporter-output>
          </reporter-output>
        </test-method> <!-- setUp -->
        <test-method status="PASS" signature="initialisation(java.lang.reflect.Method)[pri:0, instance:com.ArchWay_Regression.tests.AddProgram@394e1a0f]" name="initialisation" is-config="true" duration-ms="6196" started-at="2021-02-02T20:20:20Z" finished-at="2021-02-02T20:20:26Z">
          <params>
            <param index="0">
              <value>
                <![CDATA[public void com.ArchWay_Regression.tests.AddProgram.TCBundle1() throws java.lang.InterruptedException]]>
              </value>
            </param>
          </params>
          <reporter-output>
          </reporter-output>
        </test-method> <!-- initialisation -->
        <test-method status="FAIL" signature="TCBundle1()[pri:0, instance:com.ArchWay_Regression.tests.AddProgram@394e1a0f]" name="TCBundle1" duration-ms="168229" started-at="2021-02-02T20:20:26Z" finished-at="2021-02-02T20:23:14Z">
          <exception class="org.openqa.selenium.ElementClickInterceptedException">
            <message>
              <![CDATA[element click intercepted: Element <i class="fas fa-filter"></i> is not clickable at point (1285, 77). Other element would receive the click: <span class="toast_content__33ufq">...</span>
  (Session info: chrome=87.0.4280.141)
Build info: version: '3.141.59', revision: 'e82be7d358', time: '2018-11-14T08:25:53'
System info: host: 'ARCHVDI112', ip: '10.110.38.150', os.name: 'Windows 10', os.arch: 'amd64', os.version: '10.0', java.version: '1.8.0_251'
Driver info: org.openqa.selenium.chrome.ChromeDriver
Capabilities {acceptInsecureCerts: false, browserName: chrome, browserVersion: 87.0.4280.141, chrome: {chromedriverVersion: 87.0.4280.88 (89e2380a3e36c..., userDataDir: C:\Users\APoyil\AppData\Loc...}, goog:chromeOptions: {debuggerAddress: localhost:57506}, javascriptEnabled: true, networkConnectionEnabled: false, pageLoadStrategy: normal, platform: WINDOWS, platformName: WINDOWS, proxy: Proxy(), setWindowRect: true, strictFileInteractability: false, timeouts: {implicit: 0, pageLoad: 300000, script: 30000}, unhandledPromptBehavior: dismiss and notify, webauthn:virtualAuthenticators: true}
Session ID: 97a17a6f24b5220716980a9e5ea882ce]]>
            </message>
            <full-stacktrace>
              <![CDATA[org.openqa.selenium.ElementClickInterceptedException: element click intercepted: Element <i class="fas fa-filter"></i> is not clickable at point (1285, 77). Other element would receive the click: <span class="toast_content__33ufq">...</span>
  (Session info: chrome=87.0.4280.141)
Build info: version: '3.141.59', revision: 'e82be7d358', time: '2018-11-14T08:25:53'
System info: host: 'ARCHVDI112', ip: '10.110.38.150', os.name: 'Windows 10', os.arch: 'amd64', os.version: '10.0', java.version: '1.8.0_251'
Driver info: org.openqa.selenium.chrome.ChromeDriver
Capabilities {acceptInsecureCerts: false, browserName: chrome, browserVersion: 87.0.4280.141, chrome: {chromedriverVersion: 87.0.4280.88 (89e2380a3e36c..., userDataDir: C:\Users\APoyil\AppData\Loc...}, goog:chromeOptions: {debuggerAddress: localhost:57506}, javascriptEnabled: true, networkConnectionEnabled: false, pageLoadStrategy: normal, platform: WINDOWS, platformName: WINDOWS, proxy: Proxy(), setWindowRect: true, strictFileInteractability: false, timeouts: {implicit: 0, pageLoad: 300000, script: 30000}, unhandledPromptBehavior: dismiss and notify, webauthn:virtualAuthenticators: true}
Session ID: 97a17a6f24b5220716980a9e5ea882ce
	at sun.reflect.NativeConstructorAccessorImpl.newInstance0(Native Method)
	at sun.reflect.NativeConstructorAccessorImpl.newInstance(Unknown Source)
	at sun.reflect.DelegatingConstructorAccessorImpl.newInstance(Unknown Source)
	at java.lang.reflect.Constructor.newInstance(Unknown Source)
	at org.openqa.selenium.remote.http.W3CHttpResponseCodec.createException(W3CHttpResponseCodec.java:187)
	at org.openqa.selenium.remote.http.W3CHttpResponseCodec.decode(W3CHttpResponseCodec.java:122)
	at org.openqa.selenium.remote.http.W3CHttpResponseCodec.decode(W3CHttpResponseCodec.java:49)
	at org.openqa.selenium.remote.HttpCommandExecutor.execute(HttpCommandExecutor.java:158)
	at org.openqa.selenium.remote.service.DriverCommandExecutor.execute(DriverCommandExecutor.java:83)
	at org.openqa.selenium.remote.RemoteWebDriver.execute(RemoteWebDriver.java:552)
	at org.openqa.selenium.remote.RemoteWebElement.execute(RemoteWebElement.java:285)
	at org.openqa.selenium.remote.RemoteWebElement.click(RemoteWebElement.java:84)
	at com.ArchWay_Regression.pages.LayersPage.AddRatesWithFilter(LayersPage.java:261)
	at com.ArchWay_Regression.pages.LayersPage.addDetails(LayersPage.java:141)
	at com.ArchWay_Regression.tests.AddProgram.TCBundle1(AddProgram.java:28)
	at sun.reflect.NativeMethodAccessorImpl.invoke0(Native Method)
	at sun.reflect.NativeMethodAccessorImpl.invoke(Unknown Source)
	at sun.reflect.DelegatingMethodAccessorImpl.invoke(Unknown Source)
	at java.lang.reflect.Method.invoke(Unknown Source)
	at org.testng.internal.MethodInvocationHelper.invokeMethod(MethodInvocationHelper.java:100)
	at org.testng.internal.Invoker.invokeMethod(Invoker.java:646)
	at org.testng.internal.Invoker.invokeTestMethod(Invoker.java:811)
	at org.testng.internal.Invoker.invokeTestMethods(Invoker.java:1137)
	at org.testng.internal.TestMethodWorker.invokeTestMethods(TestMethodWorker.java:129)
	at org.testng.internal.TestMethodWorker.run(TestMethodWorker.java:112)
	at org.testng.TestRunner.privateRun(TestRunner.java:753)
	at org.testng.TestRunner.run(TestRunner.java:607)
	at org.testng.SuiteRunner.runTest(SuiteRunner.java:368)
	at org.testng.SuiteRunner.runSequentially(SuiteRunner.java:363)
	at org.testng.SuiteRunner.privateRun(SuiteRunner.java:321)
	at org.testng.SuiteRunner.run(SuiteRunner.java:270)
	at org.testng.SuiteRunnerWorker.runSuite(SuiteRunnerWorker.java:52)
	at org.testng.SuiteRunnerWorker.run(SuiteRunnerWorker.java:86)
	at org.testng.TestNG.runSuitesSequentially(TestNG.java:1284)
	at org.testng.TestNG.runSuitesLocally(TestNG.java:1209)
	at org.testng.TestNG.runSuites(TestNG.java:1124)
	at org.testng.TestNG.run(TestNG.java:1096)
	at org.testng.remote.AbstractRemoteTestNG.run(AbstractRemoteTestNG.java:132)
	at org.testng.remote.RemoteTestNG.initAndRun(RemoteTestNG.java:236)
	at org.testng.remote.RemoteTestNG.main(RemoteTestNG.java:81)
]]>
            </full-stacktrace>
          </exception> <!-- org.openqa.selenium.ElementClickInterceptedException -->
          <reporter-output>
          </reporter-output>
        </test-method> <!-- TCBundle1 -->
        <test-method status="PASS" signature="EndOfTestcase()[pri:0, instance:com.ArchWay_Regression.tests.AddProgram@394e1a0f]" name="EndOfTestcase" is-config="true" duration-ms="1" started-at="2021-02-02T20:23:14Z" finished-at="2021-02-02T20:23:14Z">
          <reporter-output>
          </reporter-output>
        </test-method> <!-- EndOfTestcase -->
        <test-method status="PASS" signature="tearDown()[pri:0, instance:com.ArchWay_Regression.tests.AddProgram@394e1a0f]" name="tearDown" is-config="true" duration-ms="511" started-at="2021-02-02T20:23:14Z" finished-at="2021-02-02T20:23:15Z">
          <reporter-output>
          </reporter-output>
        </test-method> <!-- tearDown -->
      </class> <!-- com.ArchWay_Regression.tests.AddProgram -->
    </test> <!-- Default test -->
  </suite> <!-- Default suite -->
</testng-results>
