<?xml version="1.0" encoding="UTF-8"?>
<testng-results skipped="0" failed="0" total="1" passed="1">
  <reporter-output>
  </reporter-output>
  <suite name="Default suite" duration-ms="21904" started-at="2021-01-29T15:57:43Z" finished-at="2021-01-29T15:58:04Z">
    <groups>
    </groups>
    <test name="Default test" duration-ms="21904" started-at="2021-01-29T15:57:43Z" finished-at="2021-01-29T15:58:04Z">
      <class name="com.ArchWay_Regression.tests.TestCases">
        <test-method status="PASS" signature="setUp()[pri:0, instance:com.ArchWay_Regression.tests.TestCases@394e1a0f]" name="setUp" is-config="true" duration-ms="1736" started-at="2021-01-29T21:27:41Z" finished-at="2021-01-29T21:27:43Z">
          <reporter-output>
          </reporter-output>
        </test-method> <!-- setUp -->
        <test-method status="PASS" signature="initialisation(java.lang.reflect.Method)[pri:0, instance:com.ArchWay_Regression.tests.TestCases@394e1a0f]" name="initialisation" is-config="true" duration-ms="7895" started-at="2021-01-29T21:27:43Z" finished-at="2021-01-29T21:27:50Z">
          <params>
            <param index="0">
              <value>
                <![CDATA[public void com.ArchWay_Regression.tests.TestCases.TCBilling() throws java.lang.InterruptedException]]>
              </value>
            </param>
          </params>
          <reporter-output>
          </reporter-output>
        </test-method> <!-- initialisation -->
        <test-method status="PASS" signature="TCBilling()[pri:0, instance:com.ArchWay_Regression.tests.TestCases@394e1a0f]" name="TCBilling" duration-ms="13985" started-at="2021-01-29T21:27:50Z" finished-at="2021-01-29T21:28:04Z">
          <reporter-output>
          </reporter-output>
        </test-method> <!-- TCBilling -->
        <test-method status="PASS" signature="EndOfTestcase()[pri:0, instance:com.ArchWay_Regression.tests.TestCases@394e1a0f]" name="EndOfTestcase" is-config="true" duration-ms="0" started-at="2021-01-29T21:28:04Z" finished-at="2021-01-29T21:28:04Z">
          <reporter-output>
          </reporter-output>
        </test-method> <!-- EndOfTestcase -->
        <test-method status="PASS" signature="tearDown()[pri:0, instance:com.ArchWay_Regression.tests.TestCases@394e1a0f]" name="tearDown" is-config="true" duration-ms="440" started-at="2021-01-29T21:28:05Z" finished-at="2021-01-29T21:28:05Z">
          <reporter-output>
          </reporter-output>
        </test-method> <!-- tearDown -->
      </class> <!-- com.ArchWay_Regression.tests.TestCases -->
    </test> <!-- Default test -->
  </suite> <!-- Default suite -->
</testng-results>
